openjdk version "21.0.10" 2026-01-20
OpenJDK Runtime Environment (build 21.0.10+7-Ubuntu-124.04)
OpenJDK 64-Bit Server VM (build 21.0.10+7-Ubuntu-124.04, mixed mode, sharing)
To honour the JVM settings for this build a single-use Daemon process will be forked. For more on this, please refer to https://docs.gradle.org/8.2/userguide/gradle_daemon.html#sec:disabling_the_daemon in the Gradle documentation.
Daemon will be stopped at the end of the build 
Warning: SDK processing. This version only understands SDK XML versions up to 3 but an SDK XML file of version 4 was encountered. This can happen if you use versions of Android Studio and the command-line tools that were released at different times.
> Task :app:preBuild UP-TO-DATE
> Task :app:preDebugBuild UP-TO-DATE
> Task :app:mergeDebugNativeDebugMetadata NO-SOURCE
> Task :app:checkKotlinGradlePluginConfigurationErrors
> Task :app:generateDebugResValues
> Task :app:checkDebugAarMetadata
> Task :app:mapDebugSourceSetPaths
> Task :app:generateDebugResources
> Task :app:packageDebugResources
> Task :app:createDebugCompatibleScreenManifests
> Task :app:extractDeepLinksDebug
> Task :app:mergeDebugResources
> Task :app:parseDebugLocalResources
> Task :app:processDebugMainManifest
> Task :app:processDebugManifest
> Task :app:javaPreCompileDebug
> Task :app:mergeDebugShaders
> Task :app:compileDebugShaders NO-SOURCE
> Task :app:generateDebugAssets UP-TO-DATE
> Task :app:mergeDebugAssets
> Task :app:compressDebugAssets
> Task :app:desugarDebugFileDependencies
> Task :app:mergeDebugJniLibFolders
> Task :app:processDebugManifestForPackage
> Task :app:checkDebugDuplicateClasses
> Task :app:mergeLibDexDebug
> Task :app:mergeDebugNativeLibs NO-SOURCE
> Task :app:stripDebugDebugSymbols NO-SOURCE
> Task :app:validateSigningDebug
> Task :app:writeDebugAppMetadata
> Task :app:writeDebugSigningConfigVersions
> Task :app:processDebugResources
> Task :app:mergeExtDexDebug
> Task :app:compileDebugKotlin
w: file:///app/app/src/main/java/com/easyui/guardianlauncher/guardian/routine/RoutineManager.kt:63:13 Variable 'now' is never used
w: file:///app/app/src/main/java/com/easyui/guardianlauncher/ui/components/OnboardingStepScaffold.kt:52:65 'ArrowBack: ImageVector' is deprecated. Use the AutoMirrored version at Icons.AutoMirrored.Filled.ArrowBack
w: file:///app/app/src/main/java/com/easyui/guardianlauncher/ui/components/OnboardingStepScaffold.kt:65:21 'LinearProgressIndicator(Float, Modifier = ..., Color = ..., Color = ..., StrokeCap = ...): Unit' is deprecated. Use the overload that takes `progress` as a lambda
w: file:///app/app/src/main/java/com/easyui/guardianlauncher/ui/screens/parent/ParentDashboardScreen.kt:685:5 Parameter 'modeAppsBedtime' is never used
w: file:///app/app/src/main/java/com/easyui/guardianlauncher/ui/screens/parent/ParentDashboardScreen.kt:686:5 Parameter 'modeAppsTravel' is never used
w: file:///app/app/src/main/java/com/easyui/guardianlauncher/ui/screens/parent/ParentDashboardScreen.kt:687:5 Parameter 'modeAppsExam' is never used
w: file:///app/app/src/main/java/com/easyui/guardianlauncher/ui/screens/parent/SetupLimitationsScreen.kt:54:58 'ArrowBack: ImageVector' is deprecated. Use the AutoMirrored version at Icons.AutoMirrored.Filled.ArrowBack
w: file:///app/app/src/main/java/com/easyui/guardianlauncher/ui/viewmodels/LauncherViewModel.kt:108:32 Unchecked cast: Any? to Set<String>
w: file:///app/app/src/main/java/com/easyui/guardianlauncher/ui/viewmodels/LauncherViewModel.kt:109:31 Unchecked cast: Any? to Set<String>
w: file:///app/app/src/main/java/com/easyui/guardianlauncher/ui/viewmodels/LauncherViewModel.kt:229:34 Unchecked cast: Any to List<AllowedApp>
w: file:///app/app/src/main/java/com/easyui/guardianlauncher/ui/viewmodels/LauncherViewModel.kt:231:32 Unchecked cast: Any to Set<String>
w: file:///app/app/src/main/java/com/easyui/guardianlauncher/ui/viewmodels/LauncherViewModel.kt:232:33 Unchecked cast: Any to Set<String>
w: file:///app/app/src/main/java/com/easyui/guardianlauncher/ui/viewmodels/LauncherViewModel.kt:233:35 Unchecked cast: Any to Set<String>
w: file:///app/app/src/main/java/com/easyui/guardianlauncher/ui/viewmodels/LauncherViewModel.kt:234:13 Variable '_sleepApps' is never used
w: file:///app/app/src/main/java/com/easyui/guardianlauncher/ui/viewmodels/LauncherViewModel.kt:234:35 Unchecked cast: Any to Set<String>
w: file:///app/app/src/main/java/com/easyui/guardianlauncher/ui/viewmodels/LauncherViewModel.kt:235:36 Unchecked cast: Any to Set<String>
w: file:///app/app/src/main/java/com/easyui/guardianlauncher/ui/viewmodels/LauncherViewModel.kt:236:35 Unchecked cast: Any to Set<String>
w: file:///app/app/src/main/java/com/easyui/guardianlauncher/ui/viewmodels/LauncherViewModel.kt:237:33 Unchecked cast: Any to Set<String>

> Task :app:compileDebugJavaWithJavac NO-SOURCE
> Task :app:dexBuilderDebug
> Task :app:mergeDebugGlobalSynthetics
> Task :app:processDebugJavaRes
> Task :app:mergeProjectDexDebug
> Task :app:mergeDebugJavaResource
> Task :app:packageDebug
> Task :app:createDebugApkListingFileRedirect
> Task :app:assembleDebug

BUILD SUCCESSFUL in 1m 13s
33 actionable tasks: 33 executed
